demo/build/outputs/logs/manifest-merger-release-report.txt
-- Merging decision tree log ---
manifest
ADDED from nim_demo\demo\AndroidManifest.xml:2:1-408:12
	package
		ADDED from nim_demo\demo\AndroidManifest.xml:4:5-27
		INJECTED from nim_demo\demo\AndroidManifest.xml
		INJECTED from nim_demo\demo\AndroidManifest.xml
	android:versionName
		ADDED from nim_demo\demo\AndroidManifest.xml:7:5-30
		INJECTED from nim_demo\demo\AndroidManifest.xml
		INJECTED from nim_demo\demo\AndroidManifest.xml
	xmlns:tools
		ADDED from nim_demo\demo\AndroidManifest.xml:3:5-51
	android:versionCode
		ADDED from nim_demo\demo\AndroidManifest.xml:6:5-29
		INJECTED from nim_demo\demo\AndroidManifest.xml
		INJECTED from nim_demo\demo\AndroidManifest.xml
	xmlns:android
		ADDED from nim_demo\demo\AndroidManifest.xml:2:11-69
	android:installLocation
		ADDED from nim_demo\demo\AndroidManifest.xml:5:5-35
uses-permission#android.permission.INTERNET
ADDED from nim_demo\demo\AndroidManifest.xml:11:5-67
	android:name
		ADDED from nim_demo\demo\AndroidManifest.xml:11:22-64
uses-permission#android.permission.ACCESS_NETWORK_STATE
ADDED from nim_demo\demo\AndroidManifest.xml:12:5-79
	android:name
		ADDED from nim_demo\demo\AndroidManifest.xml:12:22-76
uses-permission#android.permission.ACCESS_WIFI_STATE
ADDED from nim_demo\demo\AndroidManifest.xml:13:5-76
	android:name
		ADDED from nim_demo\demo\AndroidManifest.xml:13:22-73
uses-permission#android.permission.CHANGE_WIFI_STATE
ADDED from nim_demo\demo\AndroidManifest.xml:14:5-76
	android:name
		ADDED from nim_demo\demo\AndroidManifest.xml:14:22-73
uses-permission#android.permission.ACCESS_FINE_LOCATION
ADDED from nim_demo\demo\AndroidManifest.xml:15:5-79
	android:name
		ADDED from nim_demo\demo\AndroidManifest.xml:15:22-76
uses-permission#android.permission.ACCESS_COARSE_LOCATION
ADDED from nim_demo\demo\AndroidManifest.xml:16:5-81
	android:name
		ADDED from nim_demo\demo\AndroidManifest.xml:16:22-78
uses-permission#android.permission.WRITE_SETTINGS
ADDED from nim_demo\demo\AndroidManifest.xml:17:5-73
	android:name
		ADDED from nim_demo\demo\AndroidManifest.xml:17:22-70
uses-permission#android.permission.READ_CONTACTS
ADDED from nim_demo\demo\AndroidManifest.xml:18:5-72
	android:name
		ADDED from nim_demo\demo\AndroidManifest.xml:18:22-69
uses-permission#android.permission.WRITE_CONTACTS
ADDED from nim_demo\demo\AndroidManifest.xml:19:5-73
	android:name
		ADDED from nim_demo\demo\AndroidManifest.xml:19:22-70
uses-permission#android.permission.GET_TASKS
ADDED from nim_demo\demo\AndroidManifest.xml:24:5-68
	android:name
		ADDED from nim_demo\demo\AndroidManifest.xml:24:22-65
uses-permission#android.permission.FLASHLIGHT
ADDED from nim_demo\demo\AndroidManifest.xml:25:5-69
	android:name
		ADDED from nim_demo\demo\AndroidManifest.xml:25:22-66
uses-permission#android.permission.VIBRATE
ADDED from nim_demo\demo\AndroidManifest.xml:26:5-66
	android:name
		ADDED from nim_demo\demo\AndroidManifest.xml:26:22-63
uses-permission#android.permission.WAKE_LOCK
ADDED from nim_demo\demo\AndroidManifest.xml:27:5-68
	android:name
		ADDED from nim_demo\demo\AndroidManifest.xml:27:22-65
uses-permission#android.permission.BLUETOOTH
ADDED from nim_demo\demo\AndroidManifest.xml:28:5-68
	android:name
		ADDED from nim_demo\demo\AndroidManifest.xml:28:22-65
uses-permission#android.permission.BLUETOOTH_ADMIN
ADDED from nim_demo\demo\AndroidManifest.xml:29:5-74
	android:name
		ADDED from nim_demo\demo\AndroidManifest.xml:29:22-71
uses-permission#android.permission.CHANGE_CONFIGURATION
ADDED from nim_demo\demo\AndroidManifest.xml:30:5-79
	android:name
		ADDED from nim_demo\demo\AndroidManifest.xml:30:22-76
uses-permission#android.permission.MODIFY_AUDIO_SETTINGS
ADDED from nim_demo\demo\AndroidManifest.xml:31:5-80
	android:name
		ADDED from nim_demo\demo\AndroidManifest.xml:31:22-77
uses-permission#android.permission.READ_EXTERNAL_STORAGE
ADDED from nim_demo\demo\AndroidManifest.xml:34:5-80
	android:name
		ADDED from nim_demo\demo\AndroidManifest.xml:34:22-77
uses-permission#android.permission.WRITE_EXTERNAL_STORAGE
ADDED from nim_demo\demo\AndroidManifest.xml:35:5-81
	android:name
		ADDED from nim_demo\demo\AndroidManifest.xml:35:22-78
uses-permission#android.permission.CAMERA
ADDED from nim_demo\demo\AndroidManifest.xml:38:5-65
MERGED from [com.journeyapps:zxing-android-embedded:3.4.0] AndroidManifest.xml:21:5-65
	android:name
		ADDED from nim_demo\demo\AndroidManifest.xml:38:22-62
uses-permission#android.permission.RECORD_AUDIO
ADDED from nim_demo\demo\AndroidManifest.xml:39:5-71
	android:name
		ADDED from nim_demo\demo\AndroidManifest.xml:39:22-68
uses-permission#android.permission.READ_PHONE_STATE
ADDED from nim_demo\demo\AndroidManifest.xml:40:5-75
	android:name
		ADDED from nim_demo\demo\AndroidManifest.xml:40:22-72
permission#com.aqtx.app.permission.RECEIVE_MSG
ADDED from nim_demo\demo\AndroidManifest.xml:44:5-46:47
	android:protectionLevel
		ADDED from nim_demo\demo\AndroidManifest.xml:46:9-44
	android:name
		ADDED from nim_demo\demo\AndroidManifest.xml:45:9-59
uses-permission#com.aqtx.app.permission.RECEIVE_MSG
ADDED from nim_demo\demo\AndroidManifest.xml:50:5-75
	android:name
		ADDED from nim_demo\demo\AndroidManifest.xml:50:22-72
application
ADDED from nim_demo\demo\AndroidManifest.xml:56:5-406:19
MERGED from [nim_demo:uikit:unspecified] AndroidManifest.xml:9:5-143:19
MERGED from [com.android.support:design:23.3.0] AndroidManifest.xml:22:5-20
MERGED from [com.android.support:appcompat-v7:25.1.0] AndroidManifest.xml:25:5-20
MERGED from [com.android.support:animated-vector-drawable:25.1.0] AndroidManifest.xml:22:5-20
MERGED from [com.android.support:support-vector-drawable:25.1.0] AndroidManifest.xml:23:5-20
MERGED from [com.journeyapps:zxing-android-embedded:3.4.0] AndroidManifest.xml:45:5-53:19
MERGED from [com.android.support:support-v4:25.1.0] AndroidManifest.xml:25:5-20
MERGED from [com.android.support:support-fragment:25.1.0] AndroidManifest.xml:25:5-20
MERGED from [com.android.support:support-media-compat:25.1.0] AndroidManifest.xml:25:5-20
MERGED from [com.android.support:support-core-ui:25.1.0] AndroidManifest.xml:25:5-20
MERGED from [com.android.support:support-core-utils:25.1.0] AndroidManifest.xml:25:5-20
MERGED from [com.android.support:support-compat:25.1.0] AndroidManifest.xml:25:5-20
	android:label
		ADDED from nim_demo\demo\AndroidManifest.xml:60:9-27
	android:allowBackup
		ADDED from nim_demo\demo\AndroidManifest.xml:58:9-35
	android:icon
		ADDED from nim_demo\demo\AndroidManifest.xml:59:9-38
	android:theme
		ADDED from nim_demo\demo\AndroidManifest.xml:61:9-52
	android:name
		ADDED from nim_demo\demo\AndroidManifest.xml:57:9-39
provider#android.support.v4.content.FileProvider
ADDED from nim_demo\demo\AndroidManifest.xml:62:9-70:20
	android:authorities
		ADDED from nim_demo\demo\AndroidManifest.xml:64:13-60
	android:grantUriPermissions
		ADDED from nim_demo\demo\AndroidManifest.xml:65:13-47
	android:exported
		ADDED from nim_demo\demo\AndroidManifest.xml:66:13-37
	android:name
		ADDED from nim_demo\demo\AndroidManifest.xml:63:13-67
meta-data#android.support.FILE_PROVIDER_PATHS
ADDED from nim_demo\demo\AndroidManifest.xml:67:13-69:53
	android:resource
		ADDED from nim_demo\demo\AndroidManifest.xml:69:17-50
	android:name
		ADDED from nim_demo\demo\AndroidManifest.xml:68:17-67
meta-data#com.amap.api.v2.apikey
ADDED from nim_demo\demo\AndroidManifest.xml:72:9-74:43
	android:value
		ADDED from nim_demo\demo\AndroidManifest.xml:74:13-40
		INJECTED from nim_demo\demo\AndroidManifest.xml
	android:name
		ADDED from nim_demo\demo\AndroidManifest.xml:73:13-50
meta-data#com.netease.nim.appKey
ADDED from nim_demo\demo\AndroidManifest.xml:75:9-77:64
	android:value
		ADDED from nim_demo\demo\AndroidManifest.xml:77:13-61
	android:name
		ADDED from nim_demo\demo\AndroidManifest.xml:76:13-50
uses-library#com.google.android.maps
ADDED from nim_demo\demo\AndroidManifest.xml:79:9-81:40
	android:required
		ADDED from nim_demo\demo\AndroidManifest.xml:81:13-37
	android:name
		ADDED from nim_demo\demo\AndroidManifest.xml:80:13-51
activity#com.aqtx.app.main.activity.WelcomeActivity
ADDED from nim_demo\demo\AndroidManifest.xml:84:9-99:20
	android:screenOrientation
		ADDED from nim_demo\demo\AndroidManifest.xml:90:13-49
	android:label
		ADDED from nim_demo\demo\AndroidManifest.xml:88:13-31
	android:hardwareAccelerated
		ADDED from nim_demo\demo\AndroidManifest.xml:87:13-47
	android:launchMode
		ADDED from nim_demo\demo\AndroidManifest.xml:89:13-43
	android:windowSoftInputMode
		ADDED from nim_demo\demo\AndroidManifest.xml:92:13-52
	android:configChanges
		ADDED from nim_demo\demo\AndroidManifest.xml:86:13-63
	android:theme
		ADDED from nim_demo\demo\AndroidManifest.xml:91:13-65
	android:name
		ADDED from nim_demo\demo\AndroidManifest.xml:85:13-58
intent-filter#android.intent.action.MAIN+android.intent.category.LAUNCHER+android.intent.category.MULTIWINDOW_LAUNCHER
ADDED from nim_demo\demo\AndroidManifest.xml:93:13-98:29
action#android.intent.action.MAIN
ADDED from nim_demo\demo\AndroidManifest.xml:94:17-69
	android:name
		ADDED from nim_demo\demo\AndroidManifest.xml:94:25-66
category#android.intent.category.LAUNCHER
ADDED from nim_demo\demo\AndroidManifest.xml:96:17-77
	android:name
		ADDED from nim_demo\demo\AndroidManifest.xml:96:27-74
category#android.intent.category.MULTIWINDOW_LAUNCHER
ADDED from nim_demo\demo\AndroidManifest.xml:97:17-89
	android:name
		ADDED from nim_demo\demo\AndroidManifest.xml:97:27-86
activity#com.aqtx.app.main.activity.MainActivity
ADDED from nim_demo\demo\AndroidManifest.xml:102:9-109:55
	android:screenOrientation
		ADDED from nim_demo\demo\AndroidManifest.xml:107:13-49
	android:hardwareAccelerated
		ADDED from nim_demo\demo\AndroidManifest.xml:105:13-47
	android:launchMode
		ADDED from nim_demo\demo\AndroidManifest.xml:106:13-43
	android:windowSoftInputMode
		ADDED from nim_demo\demo\AndroidManifest.xml:109:13-52
	android:configChanges
		ADDED from nim_demo\demo\AndroidManifest.xml:104:13-63
	android:theme
		ADDED from nim_demo\demo\AndroidManifest.xml:108:13-56
	android:name
		ADDED from nim_demo\demo\AndroidManifest.xml:103:13-55
activity#com.aqtx.app.main.activity.MultiportActivity
ADDED from nim_demo\demo\AndroidManifest.xml:112:9-117:70
	android:screenOrientation
		ADDED from nim_demo\demo\AndroidManifest.xml:115:13-49
	android:windowSoftInputMode
		ADDED from nim_demo\demo\AndroidManifest.xml:117:13-67
	android:configChanges
		ADDED from nim_demo\demo\AndroidManifest.xml:114:13-63
	android:theme
		ADDED from nim_demo\demo\AndroidManifest.xml:116:13-56
	android:name
		ADDED from nim_demo\demo\AndroidManifest.xml:113:13-60
activity#com.aqtx.app.login.LoginActivity
ADDED from nim_demo\demo\AndroidManifest.xml:120:9-126:70
	android:screenOrientation
		ADDED from nim_demo\demo\AndroidManifest.xml:124:13-49
	android:label
		ADDED from nim_demo\demo\AndroidManifest.xml:123:13-42
	android:windowSoftInputMode
		ADDED from nim_demo\demo\AndroidManifest.xml:126:13-67
	android:configChanges
		ADDED from nim_demo\demo\AndroidManifest.xml:122:13-48
	android:theme
		ADDED from nim_demo\demo\AndroidManifest.xml:125:13-46
	android:name
		ADDED from nim_demo\demo\AndroidManifest.xml:121:13-48
activity#com.aqtx.app.main.activity.AboutActivity
ADDED from nim_demo\demo\AndroidManifest.xml:129:9-135:75
	android:screenOrientation
		ADDED from nim_demo\demo\AndroidManifest.xml:133:13-49
	android:label
		ADDED from nim_demo\demo\AndroidManifest.xml:132:13-42
	android:windowSoftInputMode
		ADDED from nim_demo\demo\AndroidManifest.xml:135:13-72
	android:configChanges
		ADDED from nim_demo\demo\AndroidManifest.xml:131:13-48
	android:theme
		ADDED from nim_demo\demo\AndroidManifest.xml:134:13-56
	android:name
		ADDED from nim_demo\demo\AndroidManifest.xml:130:13-56
activity#com.aqtx.app.SetPrivacyActivity
ADDED from nim_demo\demo\AndroidManifest.xml:137:9-143:75
	android:screenOrientation
		ADDED from nim_demo\demo\AndroidManifest.xml:141:13-49
	android:label
		ADDED from nim_demo\demo\AndroidManifest.xml:140:13-42
	android:windowSoftInputMode
		ADDED from nim_demo\demo\AndroidManifest.xml:143:13-72
	android:configChanges
		ADDED from nim_demo\demo\AndroidManifest.xml:139:13-48
	android:theme
		ADDED from nim_demo\demo\AndroidManifest.xml:142:13-56
	android:name
		ADDED from nim_demo\demo\AndroidManifest.xml:138:13-47
activity#com.aqtx.app.main.activity.SettingsActivity
ADDED from nim_demo\demo\AndroidManifest.xml:144:9-149:63
	android:screenOrientation
		ADDED from nim_demo\demo\AndroidManifest.xml:147:13-49
	android:windowSoftInputMode
		ADDED from nim_demo\demo\AndroidManifest.xml:149:13-60
	android:configChanges
		ADDED from nim_demo\demo\AndroidManifest.xml:146:13-48
	android:theme
		ADDED from nim_demo\demo\AndroidManifest.xml:148:13-56
	android:name
		ADDED from nim_demo\demo\AndroidManifest.xml:145:13-59
activity#com.aqtx.app.main.activity.NoDisturbActivity
ADDED from nim_demo\demo\AndroidManifest.xml:150:9-155:75
	android:screenOrientation
		ADDED from nim_demo\demo\AndroidManifest.xml:153:13-49
	android:windowSoftInputMode
		ADDED from nim_demo\demo\AndroidManifest.xml:155:13-72
	android:configChanges
		ADDED from nim_demo\demo\AndroidManifest.xml:152:13-48
	android:theme
		ADDED from nim_demo\demo\AndroidManifest.xml:154:13-56
	android:name
		ADDED from nim_demo\demo\AndroidManifest.xml:151:13-60
activity#com.aqtx.app.contact.activity.AddFriendActivity
ADDED from nim_demo\demo\AndroidManifest.xml:156:9-161:75
	android:screenOrientation
		ADDED from nim_demo\demo\AndroidManifest.xml:159:13-49
	android:windowSoftInputMode
		ADDED from nim_demo\demo\AndroidManifest.xml:161:13-72
	android:configChanges
		ADDED from nim_demo\demo\AndroidManifest.xml:158:13-48
	android:theme
		ADDED from nim_demo\demo\AndroidManifest.xml:160:13-56
	android:name
		ADDED from nim_demo\demo\AndroidManifest.xml:157:13-63
activity#com.aqtx.app.contact.activity.AddContactActivity
ADDED from nim_demo\demo\AndroidManifest.xml:162:9-167:75
	android:screenOrientation
		ADDED from nim_demo\demo\AndroidManifest.xml:165:13-49
	android:windowSoftInputMode
		ADDED from nim_demo\demo\AndroidManifest.xml:167:13-72
	android:configChanges
		ADDED from nim_demo\demo\AndroidManifest.xml:164:13-48
	android:theme
		ADDED from nim_demo\demo\AndroidManifest.xml:166:13-56
	android:name
		ADDED from nim_demo\demo\AndroidManifest.xml:163:13-64
activity#com.aqtx.app.contact.activity.AddFriendMenuActivity
ADDED from nim_demo\demo\AndroidManifest.xml:168:9-173:75
	android:screenOrientation
		ADDED from nim_demo\demo\AndroidManifest.xml:171:13-49
	android:windowSoftInputMode
		ADDED from nim_demo\demo\AndroidManifest.xml:173:13-72
	android:configChanges
		ADDED from nim_demo\demo\AndroidManifest.xml:170:13-48
	android:theme
		ADDED from nim_demo\demo\AndroidManifest.xml:172:13-56
	android:name
		ADDED from nim_demo\demo\AndroidManifest.xml:169:13-67
activity#com.aqtx.app.contact.activity.UserProfileActivity
ADDED from nim_demo\demo\AndroidManifest.xml:174:9-179:75
	android:screenOrientation
		ADDED from nim_demo\demo\AndroidManifest.xml:177:13-49
	android:windowSoftInputMode
		ADDED from nim_demo\demo\AndroidManifest.xml:179:13-72
	android:configChanges
		ADDED from nim_demo\demo\AndroidManifest.xml:176:13-48
	android:theme
		ADDED from nim_demo\demo\AndroidManifest.xml:178:13-56
	android:name
		ADDED from nim_demo\demo\AndroidManifest.xml:175:13-65
activity#com.aqtx.app.contact.activity.UserProfileSettingActivity
ADDED from nim_demo\demo\AndroidManifest.xml:180:9-185:75
	android:screenOrientation
		ADDED from nim_demo\demo\AndroidManifest.xml:183:13-49
	android:windowSoftInputMode
		ADDED from nim_demo\demo\AndroidManifest.xml:185:13-72
	android:configChanges
		ADDED from nim_demo\demo\AndroidManifest.xml:182:13-48
	android:theme
		ADDED from nim_demo\demo\AndroidManifest.xml:184:13-56
	android:name
		ADDED from nim_demo\demo\AndroidManifest.xml:181:13-72
activity#com.aqtx.app.contact.activity.UserProfileEditItemActivity
ADDED from nim_demo\demo\AndroidManifest.xml:186:9-191:75
	android:screenOrientation
		ADDED from nim_demo\demo\AndroidManifest.xml:189:13-49
	android:windowSoftInputMode
		ADDED from nim_demo\demo\AndroidManifest.xml:191:13-72
	android:configChanges
		ADDED from nim_demo\demo\AndroidManifest.xml:188:13-48
	android:theme
		ADDED from nim_demo\demo\AndroidManifest.xml:190:13-56
	android:name
		ADDED from nim_demo\demo\AndroidManifest.xml:187:13-73
activity#com.aqtx.app.contact.activity.BlackListActivity
ADDED from nim_demo\demo\AndroidManifest.xml:192:9-197:75
	android:screenOrientation
		ADDED from nim_demo\demo\AndroidManifest.xml:195:13-49
	android:windowSoftInputMode
		ADDED from nim_demo\demo\AndroidManifest.xml:197:13-72
	android:configChanges
		ADDED from nim_demo\demo\AndroidManifest.xml:194:13-48
	android:theme
		ADDED from nim_demo\demo\AndroidManifest.xml:196:13-56
	android:name
		ADDED from nim_demo\demo\AndroidManifest.xml:193:13-63
activity#com.aqtx.app.file.browser.FileBrowserActivity
ADDED from nim_demo\demo\AndroidManifest.xml:200:9-206:75
	android:screenOrientation
		ADDED from nim_demo\demo\AndroidManifest.xml:204:13-49
	android:label
		ADDED from nim_demo\demo\AndroidManifest.xml:203:13-49
	android:windowSoftInputMode
		ADDED from nim_demo\demo\AndroidManifest.xml:206:13-72
	android:configChanges
		ADDED from nim_demo\demo\AndroidManifest.xml:202:13-48
	android:theme
		ADDED from nim_demo\demo\AndroidManifest.xml:205:13-56
	android:name
		ADDED from nim_demo\demo\AndroidManifest.xml:201:13-61
activity#com.aqtx.app.main.activity.SystemMessageActivity
ADDED from nim_demo\demo\AndroidManifest.xml:207:9-212:70
	android:screenOrientation
		ADDED from nim_demo\demo\AndroidManifest.xml:210:13-49
	android:windowSoftInputMode
		ADDED from nim_demo\demo\AndroidManifest.xml:212:13-67
	android:configChanges
		ADDED from nim_demo\demo\AndroidManifest.xml:209:13-63
	android:theme
		ADDED from nim_demo\demo\AndroidManifest.xml:211:13-56
	android:name
		ADDED from nim_demo\demo\AndroidManifest.xml:208:13-64
activity#com.aqtx.app.main.activity.CustomNotificationActivity
ADDED from nim_demo\demo\AndroidManifest.xml:213:9-218:70
	android:screenOrientation
		ADDED from nim_demo\demo\AndroidManifest.xml:216:13-49
	android:windowSoftInputMode
		ADDED from nim_demo\demo\AndroidManifest.xml:218:13-67
	android:configChanges
		ADDED from nim_demo\demo\AndroidManifest.xml:215:13-63
	android:theme
		ADDED from nim_demo\demo\AndroidManifest.xml:217:13-56
	android:name
		ADDED from nim_demo\demo\AndroidManifest.xml:214:13-69
activity#com.aqtx.app.session.activity.MessageHistoryActivity
ADDED from nim_demo\demo\AndroidManifest.xml:219:9-224:70
	android:screenOrientation
		ADDED from nim_demo\demo\AndroidManifest.xml:222:13-49
	android:windowSoftInputMode
		ADDED from nim_demo\demo\AndroidManifest.xml:224:13-67
	android:configChanges
		ADDED from nim_demo\demo\AndroidManifest.xml:221:13-63
	android:theme
		ADDED from nim_demo\demo\AndroidManifest.xml:223:13-56
	android:name
		ADDED from nim_demo\demo\AndroidManifest.xml:220:13-68
activity#com.aqtx.app.session.activity.MessageInfoActivity
ADDED from nim_demo\demo\AndroidManifest.xml:225:9-230:70
	android:screenOrientation
		ADDED from nim_demo\demo\AndroidManifest.xml:228:13-49
	android:windowSoftInputMode
		ADDED from nim_demo\demo\AndroidManifest.xml:230:13-67
	android:configChanges
		ADDED from nim_demo\demo\AndroidManifest.xml:227:13-63
	android:theme
		ADDED from nim_demo\demo\AndroidManifest.xml:229:13-56
	android:name
		ADDED from nim_demo\demo\AndroidManifest.xml:226:13-65
activity#com.aqtx.app.team.activity.AdvancedTeamSearchActivity
ADDED from nim_demo\demo\AndroidManifest.xml:231:9-236:70
	android:screenOrientation
		ADDED from nim_demo\demo\AndroidManifest.xml:234:13-49
	android:windowSoftInputMode
		ADDED from nim_demo\demo\AndroidManifest.xml:236:13-67
	android:configChanges
		ADDED from nim_demo\demo\AndroidManifest.xml:233:13-63
	android:theme
		ADDED from nim_demo\demo\AndroidManifest.xml:235:13-56
	android:name
		ADDED from nim_demo\demo\AndroidManifest.xml:232:13-69
activity#com.aqtx.app.team.activity.AdvancedTeamJoinActivity
ADDED from nim_demo\demo\AndroidManifest.xml:237:9-242:70
	android:screenOrientation
		ADDED from nim_demo\demo\AndroidManifest.xml:240:13-49
	android:windowSoftInputMode
		ADDED from nim_demo\demo\AndroidManifest.xml:242:13-67
	android:configChanges
		ADDED from nim_demo\demo\AndroidManifest.xml:239:13-63
	android:theme
		ADDED from nim_demo\demo\AndroidManifest.xml:241:13-56
	android:name
		ADDED from nim_demo\demo\AndroidManifest.xml:238:13-67
activity#com.aqtx.app.main.activity.TeamListActivity
ADDED from nim_demo\demo\AndroidManifest.xml:243:9-248:67
	android:screenOrientation
		ADDED from nim_demo\demo\AndroidManifest.xml:246:13-49
	android:windowSoftInputMode
		ADDED from nim_demo\demo\AndroidManifest.xml:248:13-64
	android:configChanges
		ADDED from nim_demo\demo\AndroidManifest.xml:245:13-63
	android:theme
		ADDED from nim_demo\demo\AndroidManifest.xml:247:13-56
	android:name
		ADDED from nim_demo\demo\AndroidManifest.xml:244:13-59
activity#com.aqtx.app.main.activity.GlobalSearchActivity
ADDED from nim_demo\demo\AndroidManifest.xml:251:9-256:62
	android:screenOrientation
		ADDED from nim_demo\demo\AndroidManifest.xml:254:13-49
	android:windowSoftInputMode
		ADDED from nim_demo\demo\AndroidManifest.xml:256:13-59
	android:configChanges
		ADDED from nim_demo\demo\AndroidManifest.xml:253:13-63
	android:theme
		ADDED from nim_demo\demo\AndroidManifest.xml:255:13-52
	android:name
		ADDED from nim_demo\demo\AndroidManifest.xml:252:13-63
activity#com.aqtx.app.main.activity.GlobalSearchDetailActivity
ADDED from nim_demo\demo\AndroidManifest.xml:257:9-261:59
	android:screenOrientation
		ADDED from nim_demo\demo\AndroidManifest.xml:260:13-49
	android:configChanges
		ADDED from nim_demo\demo\AndroidManifest.xml:259:13-63
	android:theme
		ADDED from nim_demo\demo\AndroidManifest.xml:261:13-56
	android:name
		ADDED from nim_demo\demo\AndroidManifest.xml:258:13-69
activity#com.aqtx.app.main.activity.GlobalSearchDetailActivity2
ADDED from nim_demo\demo\AndroidManifest.xml:262:9-266:59
	android:screenOrientation
		ADDED from nim_demo\demo\AndroidManifest.xml:265:13-49
	android:configChanges
		ADDED from nim_demo\demo\AndroidManifest.xml:264:13-63
	android:theme
		ADDED from nim_demo\demo\AndroidManifest.xml:266:13-56
	android:name
		ADDED from nim_demo\demo\AndroidManifest.xml:263:13-70
activity#com.aqtx.app.session.activity.WatchSnapChatPictureActivity
ADDED from nim_demo\demo\AndroidManifest.xml:269:9-272:59
	android:configChanges
		ADDED from nim_demo\demo\AndroidManifest.xml:271:13-51
	android:theme
		ADDED from nim_demo\demo\AndroidManifest.xml:272:13-56
	android:name
		ADDED from nim_demo\demo\AndroidManifest.xml:270:13-74
activity#com.aqtx.app.location.activity.LocationAmapActivity
ADDED from nim_demo\demo\AndroidManifest.xml:274:9-279:59
	android:screenOrientation
		ADDED from nim_demo\demo\AndroidManifest.xml:278:13-49
	android:label
		ADDED from nim_demo\demo\AndroidManifest.xml:277:13-49
	android:configChanges
		ADDED from nim_demo\demo\AndroidManifest.xml:276:13-63
	android:theme
		ADDED from nim_demo\demo\AndroidManifest.xml:279:13-56
	android:name
		ADDED from nim_demo\demo\AndroidManifest.xml:275:13-67
activity#com.aqtx.app.location.activity.NavigationAmapActivity
ADDED from nim_demo\demo\AndroidManifest.xml:280:9-285:59
	android:screenOrientation
		ADDED from nim_demo\demo\AndroidManifest.xml:284:13-49
	android:label
		ADDED from nim_demo\demo\AndroidManifest.xml:283:13-54
	android:configChanges
		ADDED from nim_demo\demo\AndroidManifest.xml:282:13-63
	android:theme
		ADDED from nim_demo\demo\AndroidManifest.xml:285:13-56
	android:name
		ADDED from nim_demo\demo\AndroidManifest.xml:281:13-69
activity#com.aqtx.app.avchat.activity.AVChatActivity
ADDED from nim_demo\demo\AndroidManifest.xml:288:9-293:63
	android:screenOrientation
		ADDED from nim_demo\demo\AndroidManifest.xml:291:13-49
	android:launchMode
		ADDED from nim_demo\demo\AndroidManifest.xml:290:13-48
	android:windowSoftInputMode
		ADDED from nim_demo\demo\AndroidManifest.xml:293:13-60
	android:theme
		ADDED from nim_demo\demo\AndroidManifest.xml:292:13-51
	android:name
		ADDED from nim_demo\demo\AndroidManifest.xml:289:13-59
activity#com.aqtx.app.rts.activity.RTSActivity
ADDED from nim_demo\demo\AndroidManifest.xml:296:9-301:63
	android:screenOrientation
		ADDED from nim_demo\demo\AndroidManifest.xml:299:13-49
	android:launchMode
		ADDED from nim_demo\demo\AndroidManifest.xml:298:13-48
	android:windowSoftInputMode
		ADDED from nim_demo\demo\AndroidManifest.xml:301:13-60
	android:theme
		ADDED from nim_demo\demo\AndroidManifest.xml:300:13-56
	android:name
		ADDED from nim_demo\demo\AndroidManifest.xml:297:13-53
activity#com.aqtx.app.session.search.SearchMessageActivity
ADDED from nim_demo\demo\AndroidManifest.xml:304:9-309:72
	android:screenOrientation
		ADDED from nim_demo\demo\AndroidManifest.xml:307:13-49
	android:windowSoftInputMode
		ADDED from nim_demo\demo\AndroidManifest.xml:309:13-69
	android:configChanges
		ADDED from nim_demo\demo\AndroidManifest.xml:306:13-63
	android:theme
		ADDED from nim_demo\demo\AndroidManifest.xml:308:13-52
	android:name
		ADDED from nim_demo\demo\AndroidManifest.xml:305:13-65
activity#com.aqtx.app.session.search.DisplayMessageActivity
ADDED from nim_demo\demo\AndroidManifest.xml:310:9-315:70
	android:screenOrientation
		ADDED from nim_demo\demo\AndroidManifest.xml:313:13-49
	android:windowSoftInputMode
		ADDED from nim_demo\demo\AndroidManifest.xml:315:13-67
	android:configChanges
		ADDED from nim_demo\demo\AndroidManifest.xml:312:13-63
	android:theme
		ADDED from nim_demo\demo\AndroidManifest.xml:314:13-56
	android:name
		ADDED from nim_demo\demo\AndroidManifest.xml:311:13-66
activity#com.aqtx.app.chatroom.activity.ChatRoomActivity
ADDED from nim_demo\demo\AndroidManifest.xml:318:9-322:70
	android:screenOrientation
		ADDED from nim_demo\demo\AndroidManifest.xml:320:13-49
	android:windowSoftInputMode
		ADDED from nim_demo\demo\AndroidManifest.xml:322:13-67
	android:theme
		ADDED from nim_demo\demo\AndroidManifest.xml:321:13-56
	android:name
		ADDED from nim_demo\demo\AndroidManifest.xml:319:13-63
activity#com.aqtx.app.avchat.activity.AVChatSettingsActivity
ADDED from nim_demo\demo\AndroidManifest.xml:325:9-327:52
	android:screenOrientation
		ADDED from nim_demo\demo\AndroidManifest.xml:327:13-49
	android:name
		ADDED from nim_demo\demo\AndroidManifest.xml:326:13-67
service#com.netease.nimlib.service.NimService
ADDED from nim_demo\demo\AndroidManifest.xml:330:9-332:39
	android:process
		ADDED from nim_demo\demo\AndroidManifest.xml:332:13-36
	android:name
		ADDED from nim_demo\demo\AndroidManifest.xml:331:13-65
service#com.netease.nimlib.service.NimService$Aux
ADDED from nim_demo\demo\AndroidManifest.xml:335:9-337:39
	android:process
		ADDED from nim_demo\demo\AndroidManifest.xml:337:13-36
	android:name
		ADDED from nim_demo\demo\AndroidManifest.xml:336:13-69
receiver#com.netease.nimlib.service.NimReceiver
ADDED from nim_demo\demo\AndroidManifest.xml:340:9-348:20
	android:process
		ADDED from nim_demo\demo\AndroidManifest.xml:343:13-36
	android:exported
		ADDED from nim_demo\demo\AndroidManifest.xml:342:13-37
	android:name
		ADDED from nim_demo\demo\AndroidManifest.xml:341:13-66
intent-filter#android.intent.action.BOOT_COMPLETED+android.net.conn.CONNECTIVITY_CHANGE
ADDED from nim_demo\demo\AndroidManifest.xml:344:13-347:29
action#android.intent.action.BOOT_COMPLETED
ADDED from nim_demo\demo\AndroidManifest.xml:345:17-79
	android:name
		ADDED from nim_demo\demo\AndroidManifest.xml:345:25-76
action#android.net.conn.CONNECTIVITY_CHANGE
ADDED from nim_demo\demo\AndroidManifest.xml:346:17-79
	android:name
		ADDED from nim_demo\demo\AndroidManifest.xml:346:25-76
receiver#com.netease.nimlib.service.ResponseReceiver
ADDED from nim_demo\demo\AndroidManifest.xml:351:9-80
	android:name
		ADDED from nim_demo\demo\AndroidManifest.xml:351:19-77
receiver#com.aqtx.app.receiver.CustomNotificationReceiver
ADDED from nim_demo\demo\AndroidManifest.xml:355:9-362:20
	android:enabled
		ADDED from nim_demo\demo\AndroidManifest.xml:357:13-35
	android:exported
		ADDED from nim_demo\demo\AndroidManifest.xml:358:13-37
	android:name
		ADDED from nim_demo\demo\AndroidManifest.xml:356:13-64
intent-filter#com.aqtx.app.ACTION.RECEIVE_CUSTOM_NOTIFICATION
ADDED from nim_demo\demo\AndroidManifest.xml:359:13-361:29
action#com.aqtx.app.ACTION.RECEIVE_CUSTOM_NOTIFICATION
ADDED from nim_demo\demo\AndroidManifest.xml:360:17-90
	android:name
		ADDED from nim_demo\demo\AndroidManifest.xml:360:25-87
receiver#com.netease.nimlib.receiver.RTSBroadcastReceiver
ADDED from nim_demo\demo\AndroidManifest.xml:365:9-372:20
	android:enabled
		ADDED from nim_demo\demo\AndroidManifest.xml:367:13-35
	android:exported
		ADDED from nim_demo\demo\AndroidManifest.xml:368:13-37
	android:name
		ADDED from nim_demo\demo\AndroidManifest.xml:366:13-76
intent-filter#com.aqtx.app.ACTION.RECEIVE_RTS_NOTIFICATION
ADDED from nim_demo\demo\AndroidManifest.xml:369:13-371:29
action#com.aqtx.app.ACTION.RECEIVE_RTS_NOTIFICATION
ADDED from nim_demo\demo\AndroidManifest.xml:370:17-87
	android:name
		ADDED from nim_demo\demo\AndroidManifest.xml:370:25-84
receiver#com.netease.nimlib.receiver.IncomingCallReceiver
ADDED from nim_demo\demo\AndroidManifest.xml:375:9-379:20
	android:name
		ADDED from nim_demo\demo\AndroidManifest.xml:375:19-82
intent-filter#android.intent.action.PHONE_STATE
ADDED from nim_demo\demo\AndroidManifest.xml:376:13-378:29
action#android.intent.action.PHONE_STATE
ADDED from nim_demo\demo\AndroidManifest.xml:377:17-76
	android:name
		ADDED from nim_demo\demo\AndroidManifest.xml:377:25-73
activity#com.journeyapps.barcodescanner.CaptureActivity
ADDED from nim_demo\demo\AndroidManifest.xml:381:9-384:49
MERGED from [com.journeyapps:zxing-android-embedded:3.4.0] AndroidManifest.xml:46:9-52:63
	android:screenOrientation
		ADDED from nim_demo\demo\AndroidManifest.xml:383:13-51